commit b81c4738c54b08a194271c15916f19557520449a
Author: NoahDasYeti <35719312+NoahDasYeti@users.noreply.github.com>
Date:   Tue Feb 13 19:55:27 2018 -0800

    Adding summary.log.

commit d7af62c381dccd313e916ab0c689f47baa46232c
Author: NoahDasYeti <35719312+NoahDasYeti@users.noreply.github.com>
Date:   Tue Feb 13 19:53:33 2018 -0800

    Added Deeper Description.

commit b79d80cbcf792493d95786c02c2210c97d4993e6
Author: NoahDasYeti <35719312+NoahDasYeti@users.noreply.github.com>
Date:   Tue Feb 13 19:42:49 2018 -0800

    Added describe/size implementation.

commit 883d051366a04a01a72fff4b3da19fbb2f18db98
Author: NoahDasYeti <35719312+NoahDasYeti@users.noreply.github.com>
Date:   Tue Feb 13 19:34:56 2018 -0800

    Added size command.

commit 04669172e1572a9c082139afe303ed5a95038809
Author: NoahDasYeti <35719312+NoahDasYeti@users.noreply.github.com>
Date:   Tue Feb 13 19:02:16 2018 -0800

    added got.log

commit f1a4842793bd4414b6850981d8d7d85d25daf0fc
Author: NoahDasYeti <35719312+NoahDasYeti@users.noreply.github.com>
Date:   Tue Feb 13 18:45:52 2018 -0800

    added TM.java
